============================================================
Time  2021/04/14 19:49:17 968 
============================================================
[2021/04/14 19:49:17 970] isr_local  2211 os_type is:  Linux  
[2021/04/14 19:49:17 972] isr_local  2220 SYS_MSG_LOAD_LOCAL  
[2021/04/14 19:49:17 976] isr_local  2249 SYS_MSG_REGCB_LOCAL| param0 =  msp_status_cb  
[2021/04/14 19:49:17 984] isr_local  2249 SYS_MSG_REGCB_LOCAL| param0 =  build_grm_cb  
[2021/04/14 19:49:17 990] isr_local  2262 ASR_LOCAL_MSG_BUILD_GRM  
[2021/04/14 19:49:17 993] isr_local  1903 grm_init | params:  engine_type = local, 		asr_res_path = fo|res/asr/common.jet, sample_rate = 16000, 		grm_build_path = res/asr/GrmBuilld,   
[2021/04/14 19:49:17 994] isr_local  805  engine_type  :  local  
[2021/04/14 19:49:17 996] isr_local  805  asr_res_path  :  fo|res/asr/common.jet  
[2021/04/14 19:49:17 999] isr_local  805  sample_rate  :  16000  
[2021/04/14 19:49:18 000] isr_local  805  grm_build_path  :  res/asr/GrmBuilld  
[2021/04/14 19:49:18 008] isr_local  1002 file count =   1  
[2021/04/14 19:49:18 012] isr_local  925  file open type is:   fo  
[2021/04/14 19:49:18 014] isr_local  958  res/asr/common.jet  0  0  
[2021/04/14 19:49:18 015] isr_local  1020 speech_plus_setting  0  
[2021/04/14 19:49:18 017] isr_local  1033 2  nil  res/asr/common.jet  0  0  
[2021/04/14 19:49:18 022] isr_local  1035 res_ver  2  
[2021/04/14 19:49:18 024] isr_local  1036 res 5  ad113419208e7f447d3d7c08c6b08e8f  
[2021/04/14 19:49:18 027] isr_local  1037 res_new_old_mark  v5pp  
[2021/04/14 19:49:18 028] isr_local  1038 res_usr_name  ""  
[2021/04/14 19:49:18 030] isr_local  1039 res_expires  1625475898  
[2021/04/14 19:49:18 031] isr_local  1040 err  0  
[2021/04/14 19:49:18 033] isr_local  1071 now expires:  1618454958  1625475898  
[2021/04/14 19:49:18 062] isr_local  1644 proc_retcode_grm | errorcode =  0  
[2021/04/14 19:49:18 144] isr_local  2022 grammar id:game  
[2021/04/14 19:49:18 150] isr_local  1636 onGrmLocalServiceCb  0  game  
