============================================================
Time  2021/04/15 00:21:23 628 
============================================================
[2021/04/15 00:21:23 629] isr_local  2211 os_type is:  Linux  
[2021/04/15 00:21:23 630] isr_local  2220 SYS_MSG_LOAD_LOCAL  
[2021/04/15 00:21:23 632] isr_local  2249 SYS_MSG_REGCB_LOCAL| param0 =  msp_status_cb  
[2021/04/15 00:21:23 636] isr_local  2249 SYS_MSG_REGCB_LOCAL| param0 =  build_grm_cb  
[2021/04/15 00:21:23 638] isr_local  2262 ASR_LOCAL_MSG_BUILD_GRM  
[2021/04/15 00:21:23 640] isr_local  1903 grm_init | params:  engine_type = local, 		asr_res_path = fo|res/asr/common.jet, sample_rate = 16000, 		grm_build_path = res/asr/GrmBuilld,   
[2021/04/15 00:21:23 641] isr_local  805  engine_type  :  local  
[2021/04/15 00:21:23 642] isr_local  805  asr_res_path  :  fo|res/asr/common.jet  
[2021/04/15 00:21:23 642] isr_local  805  sample_rate  :  16000  
[2021/04/15 00:21:23 644] isr_local  805  grm_build_path  :  res/asr/GrmBuilld  
[2021/04/15 00:21:23 648] isr_local  1002 file count =   1  
[2021/04/15 00:21:23 649] isr_local  925  file open type is:   fo  
[2021/04/15 00:21:23 650] isr_local  958  res/asr/common.jet  0  0  
[2021/04/15 00:21:23 651] isr_local  1020 speech_plus_setting  0  
[2021/04/15 00:21:23 651] isr_local  1033 2  nil  res/asr/common.jet  0  0  
[2021/04/15 00:21:23 654] isr_local  1035 res_ver  2  
[2021/04/15 00:21:23 655] isr_local  1036 res 5  ad113419208e7f447d3d7c08c6b08e8f  
[2021/04/15 00:21:23 656] isr_local  1037 res_new_old_mark  v5pp  
[2021/04/15 00:21:23 657] isr_local  1038 res_usr_name  ""  
[2021/04/15 00:21:23 657] isr_local  1039 res_expires  1625475898  
[2021/04/15 00:21:23 658] isr_local  1040 err  0  
[2021/04/15 00:21:23 659] isr_local  1071 now expires:  1618471283  1625475898  
[2021/04/15 00:21:23 670] isr_local  1644 proc_retcode_grm | errorcode =  0  
[2021/04/15 00:21:23 707] isr_local  2022 grammar id:call  
[2021/04/15 00:21:23 708] isr_local  1636 onGrmLocalServiceCb  0  call  
