============================================================
Time  2021/04/11 19:19:37 613 
============================================================
[2021/04/11 19:19:37 615] isr_local  2211 os_type is:  Linux  
[2021/04/11 19:19:37 617] isr_local  2220 SYS_MSG_LOAD_LOCAL  
[2021/04/11 19:19:37 621] isr_local  2249 SYS_MSG_REGCB_LOCAL| param0 =  msp_status_cb  
[2021/04/11 19:19:37 629] isr_local  2249 SYS_MSG_REGCB_LOCAL| param0 =  build_grm_cb  
[2021/04/11 19:19:37 635] isr_local  2262 ASR_LOCAL_MSG_BUILD_GRM  
[2021/04/11 19:19:37 637] isr_local  1903 grm_init | params:  engine_type = local, 		asr_res_path = fo|res/asr/common.jet, sample_rate = 16000, 		grm_build_path = res/asr/GrmBuilld,   
[2021/04/11 19:19:37 639] isr_local  805  engine_type  :  local  
[2021/04/11 19:19:37 641] isr_local  805  asr_res_path  :  fo|res/asr/common.jet  
[2021/04/11 19:19:37 643] isr_local  805  sample_rate  :  16000  
[2021/04/11 19:19:37 644] isr_local  805  grm_build_path  :  res/asr/GrmBuilld  
[2021/04/11 19:19:37 652] isr_local  1002 file count =   1  
[2021/04/11 19:19:37 656] isr_local  925  file open type is:   fo  
[2021/04/11 19:19:37 658] isr_local  958  res/asr/common.jet  0  0  
[2021/04/11 19:19:37 660] isr_local  1020 speech_plus_setting  0  
[2021/04/11 19:19:37 661] isr_local  1033 2  nil  res/asr/common.jet  0  0  
[2021/04/11 19:19:37 668] isr_local  1035 res_ver  2  
[2021/04/11 19:19:37 670] isr_local  1036 res 5  ad113419208e7f447d3d7c08c6b08e8f  
[2021/04/11 19:19:37 671] isr_local  1037 res_new_old_mark  v5pp  
[2021/04/11 19:19:37 673] isr_local  1038 res_usr_name  ""  
[2021/04/11 19:19:37 675] isr_local  1039 res_expires  1625475898  
[2021/04/11 19:19:37 676] isr_local  1040 err  0  
[2021/04/11 19:19:37 678] isr_local  1071 now expires:  1618193977  1625475898  
[2021/04/11 19:19:37 715] isr_local  1644 proc_retcode_grm | errorcode =  0  
[2021/04/11 19:19:37 804] isr_local  2022 grammar id:game  
[2021/04/11 19:19:37 808] isr_local  1636 onGrmLocalServiceCb  0  game  
