============================================================
Time  2021/04/07 05:18:55 756 
============================================================
[2021/04/07 05:18:55 756] isr_local  2211 os_type is:  Linux  
[2021/04/07 05:18:55 758] isr_local  2220 SYS_MSG_LOAD_LOCAL  
[2021/04/07 05:18:55 760] isr_local  2249 SYS_MSG_REGCB_LOCAL| param0 =  msp_status_cb  
[2021/04/07 05:18:55 763] isr_local  2249 SYS_MSG_REGCB_LOCAL| param0 =  build_grm_cb  
[2021/04/07 05:18:55 766] isr_local  2262 ASR_LOCAL_MSG_BUILD_GRM  
[2021/04/07 05:18:55 767] isr_local  1903 grm_init | params:  engine_type = local, 		asr_res_path = fo|res/asr/common.jet, sample_rate = 16000, 		grm_build_path = res/asr/GrmBuilld,   
[2021/04/07 05:18:55 768] isr_local  805  engine_type  :  local  
[2021/04/07 05:18:55 768] isr_local  805  asr_res_path  :  fo|res/asr/common.jet  
[2021/04/07 05:18:55 769] isr_local  805  sample_rate  :  16000  
[2021/04/07 05:18:55 770] isr_local  805  grm_build_path  :  res/asr/GrmBuilld  
[2021/04/07 05:18:55 774] isr_local  1002 file count =   1  
[2021/04/07 05:18:55 775] isr_local  925  file open type is:   fo  
[2021/04/07 05:18:55 776] isr_local  958  res/asr/common.jet  0  0  
[2021/04/07 05:18:55 777] isr_local  1020 speech_plus_setting  0  
[2021/04/07 05:18:55 777] isr_local  1033 2  nil  res/asr/common.jet  0  0  
[2021/04/07 05:18:55 780] isr_local  1035 res_ver  2  
[2021/04/07 05:18:55 780] isr_local  1036 res 5  ad113419208e7f447d3d7c08c6b08e8f  
[2021/04/07 05:18:55 781] isr_local  1037 res_new_old_mark  v5pp  
[2021/04/07 05:18:55 782] isr_local  1038 res_usr_name  ""  
[2021/04/07 05:18:55 783] isr_local  1039 res_expires  1625475898  
[2021/04/07 05:18:55 783] isr_local  1040 err  0  
[2021/04/07 05:18:55 784] isr_local  1071 now expires:  1617797935  1625475898  
[2021/04/07 05:18:55 795] isr_local  1644 proc_retcode_grm | errorcode =  0  
[2021/04/07 05:18:55 832] isr_local  2022 grammar id:game  
[2021/04/07 05:18:55 833] isr_local  1636 onGrmLocalServiceCb  0  game  
