============================================================
Time  2021/04/15 02:40:23 136 
============================================================
[2021/04/15 02:40:23 137] isr_local  2211 os_type is:  Linux  
[2021/04/15 02:40:23 138] isr_local  2220 SYS_MSG_LOAD_LOCAL  
[2021/04/15 02:40:23 140] isr_local  2249 SYS_MSG_REGCB_LOCAL| param0 =  msp_status_cb  
[2021/04/15 02:40:23 144] isr_local  2249 SYS_MSG_REGCB_LOCAL| param0 =  build_grm_cb  
[2021/04/15 02:40:23 146] isr_local  2262 ASR_LOCAL_MSG_BUILD_GRM  
[2021/04/15 02:40:23 148] isr_local  1903 grm_init | params:  engine_type = local, 		asr_res_path = fo|res/asr/common.jet, sample_rate = 16000, 		grm_build_path = res/asr/GrmBuilld,   
[2021/04/15 02:40:23 148] isr_local  805  engine_type  :  local  
[2021/04/15 02:40:23 149] isr_local  805  asr_res_path  :  fo|res/asr/common.jet  
[2021/04/15 02:40:23 150] isr_local  805  sample_rate  :  16000  
[2021/04/15 02:40:23 151] isr_local  805  grm_build_path  :  res/asr/GrmBuilld  
[2021/04/15 02:40:23 155] isr_local  1002 file count =   1  
[2021/04/15 02:40:23 156] isr_local  925  file open type is:   fo  
[2021/04/15 02:40:23 157] isr_local  958  res/asr/common.jet  0  0  
[2021/04/15 02:40:23 158] isr_local  1020 speech_plus_setting  0  
[2021/04/15 02:40:23 159] isr_local  1033 2  nil  res/asr/common.jet  0  0  
[2021/04/15 02:40:23 162] isr_local  1035 res_ver  2  
[2021/04/15 02:40:23 163] isr_local  1036 res 5  ad113419208e7f447d3d7c08c6b08e8f  
[2021/04/15 02:40:23 164] isr_local  1037 res_new_old_mark  v5pp  
[2021/04/15 02:40:23 165] isr_local  1038 res_usr_name  ""  
[2021/04/15 02:40:23 165] isr_local  1039 res_expires  1625475898  
[2021/04/15 02:40:23 166] isr_local  1040 err  0  
[2021/04/15 02:40:23 167] isr_local  1071 now expires:  1618479623  1625475898  
[2021/04/15 02:40:23 178] isr_local  1644 proc_retcode_grm | errorcode =  0  
[2021/04/15 02:40:23 216] isr_local  2022 grammar id:call  
[2021/04/15 02:40:23 218] isr_local  1636 onGrmLocalServiceCb  0  call  
