============================================================
Time  2021/04/15 01:39:06 545 
============================================================
[2021/04/15 01:39:06 548] isr_local  2211 os_type is:  Linux  
[2021/04/15 01:39:06 549] isr_local  2220 SYS_MSG_LOAD_LOCAL  
[2021/04/15 01:39:06 551] isr_local  2249 SYS_MSG_REGCB_LOCAL| param0 =  msp_status_cb  
[2021/04/15 01:39:06 555] isr_local  2249 SYS_MSG_REGCB_LOCAL| param0 =  build_grm_cb  
[2021/04/15 01:39:06 557] isr_local  2262 ASR_LOCAL_MSG_BUILD_GRM  
[2021/04/15 01:39:06 560] isr_local  1903 grm_init | params:  engine_type = local, 		asr_res_path = fo|res/asr/common.jet, sample_rate = 16000, 		grm_build_path = res/asr/GrmBuilld,   
[2021/04/15 01:39:06 561] isr_local  805  engine_type  :  local  
[2021/04/15 01:39:06 562] isr_local  805  asr_res_path  :  fo|res/asr/common.jet  
[2021/04/15 01:39:06 562] isr_local  805  sample_rate  :  16000  
[2021/04/15 01:39:06 563] isr_local  805  grm_build_path  :  res/asr/GrmBuilld  
[2021/04/15 01:39:06 567] isr_local  1002 file count =   1  
[2021/04/15 01:39:06 569] isr_local  925  file open type is:   fo  
[2021/04/15 01:39:06 570] isr_local  958  res/asr/common.jet  0  0  
[2021/04/15 01:39:06 570] isr_local  1020 speech_plus_setting  0  
[2021/04/15 01:39:06 574] isr_local  1033 2  nil  res/asr/common.jet  0  0  
[2021/04/15 01:39:06 577] isr_local  1035 res_ver  2  
[2021/04/15 01:39:06 578] isr_local  1036 res 5  ad113419208e7f447d3d7c08c6b08e8f  
[2021/04/15 01:39:06 579] isr_local  1037 res_new_old_mark  v5pp  
[2021/04/15 01:39:06 580] isr_local  1038 res_usr_name  ""  
[2021/04/15 01:39:06 580] isr_local  1039 res_expires  1625475898  
[2021/04/15 01:39:06 581] isr_local  1040 err  0  
[2021/04/15 01:39:06 582] isr_local  1071 now expires:  1618475946  1625475898  
[2021/04/15 01:39:06 594] isr_local  1644 proc_retcode_grm | errorcode =  0  
[2021/04/15 01:39:06 632] isr_local  2022 grammar id:call  
[2021/04/15 01:39:06 634] isr_local  1636 onGrmLocalServiceCb  0  call  
