============================================================
Time  2021/04/15 19:47:26 516 
============================================================
[2021/04/15 19:47:26 517] isr_local  2211 os_type is:  Linux  
[2021/04/15 19:47:26 518] isr_local  2220 SYS_MSG_LOAD_LOCAL  
[2021/04/15 19:47:26 520] isr_local  2249 SYS_MSG_REGCB_LOCAL| param0 =  msp_status_cb  
[2021/04/15 19:47:26 523] isr_local  2249 SYS_MSG_REGCB_LOCAL| param0 =  build_grm_cb  
[2021/04/15 19:47:26 526] isr_local  2262 ASR_LOCAL_MSG_BUILD_GRM  
[2021/04/15 19:47:26 580] isr_local  1903 grm_init | params:  engine_type = local, 		asr_res_path = fo|res/asr/common.jet, sample_rate = 16000, 		grm_build_path = res/asr/GrmBuilld,   
[2021/04/15 19:47:26 581] isr_local  805  engine_type  :  local  
[2021/04/15 19:47:26 582] isr_local  805  asr_res_path  :  fo|res/asr/common.jet  
[2021/04/15 19:47:26 583] isr_local  805  sample_rate  :  16000  
[2021/04/15 19:47:26 583] isr_local  805  grm_build_path  :  res/asr/GrmBuilld  
[2021/04/15 19:47:26 586] isr_local  1002 file count =   1  
[2021/04/15 19:47:26 588] isr_local  925  file open type is:   fo  
[2021/04/15 19:47:26 589] isr_local  958  res/asr/common.jet  0  0  
[2021/04/15 19:47:26 589] isr_local  1020 speech_plus_setting  0  
[2021/04/15 19:47:26 590] isr_local  1033 2  nil  res/asr/common.jet  0  0  
[2021/04/15 19:47:26 592] isr_local  1035 res_ver  2  
[2021/04/15 19:47:26 593] isr_local  1036 res 5  ad113419208e7f447d3d7c08c6b08e8f  
[2021/04/15 19:47:26 594] isr_local  1037 res_new_old_mark  v5pp  
[2021/04/15 19:47:26 594] isr_local  1038 res_usr_name  ""  
[2021/04/15 19:47:26 595] isr_local  1039 res_expires  1625475898  
[2021/04/15 19:47:26 596] isr_local  1040 err  0  
[2021/04/15 19:47:26 596] isr_local  1071 now expires:  1618541246  1625475898  
[2021/04/15 19:47:26 606] isr_local  1644 proc_retcode_grm | errorcode =  0  
[2021/04/15 19:47:26 643] isr_local  2022 grammar id:call  
[2021/04/15 19:47:26 644] isr_local  1636 onGrmLocalServiceCb  0  call  
