============================================================
Time  2021/04/11 09:09:59 176 
============================================================
[2021/04/11 09:09:59 194] isr_local  2211 os_type is:  Linux  
[2021/04/11 09:09:59 195] isr_local  2220 SYS_MSG_LOAD_LOCAL  
[2021/04/11 09:09:59 197] isr_local  2249 SYS_MSG_REGCB_LOCAL| param0 =  msp_status_cb  
[2021/04/11 09:09:59 201] isr_local  2249 SYS_MSG_REGCB_LOCAL| param0 =  build_grm_cb  
[2021/04/11 09:09:59 203] isr_local  2262 ASR_LOCAL_MSG_BUILD_GRM  
[2021/04/11 09:09:59 204] isr_local  1903 grm_init | params:  engine_type = local, 		asr_res_path = fo|res/asr/common.jet, sample_rate = 16000, 		grm_build_path = res/asr/GrmBuilld,   
[2021/04/11 09:09:59 204] isr_local  805  engine_type  :  local  
[2021/04/11 09:09:59 205] isr_local  805  asr_res_path  :  fo|res/asr/common.jet  
[2021/04/11 09:09:59 206] isr_local  805  sample_rate  :  16000  
[2021/04/11 09:09:59 206] isr_local  805  grm_build_path  :  res/asr/GrmBuilld  
[2021/04/11 09:09:59 209] isr_local  1002 file count =   1  
[2021/04/11 09:09:59 211] isr_local  925  file open type is:   fo  
[2021/04/11 09:09:59 211] isr_local  958  res/asr/common.jet  0  0  
[2021/04/11 09:09:59 212] isr_local  1020 speech_plus_setting  0  
[2021/04/11 09:09:59 212] isr_local  1033 2  nil  res/asr/common.jet  0  0  
[2021/04/11 09:09:59 267] isr_local  1035 res_ver  2  
[2021/04/11 09:09:59 268] isr_local  1036 res 5  ad113419208e7f447d3d7c08c6b08e8f  
[2021/04/11 09:09:59 270] isr_local  1037 res_new_old_mark  v5pp  
[2021/04/11 09:09:59 271] isr_local  1038 res_usr_name  ""  
[2021/04/11 09:09:59 272] isr_local  1039 res_expires  1625475898  
[2021/04/11 09:09:59 274] isr_local  1040 err  0  
[2021/04/11 09:09:59 276] isr_local  1071 now expires:  1618157399  1625475898  
[2021/04/11 09:09:59 405] isr_local  1644 proc_retcode_grm | errorcode =  0  
[2021/04/11 09:09:59 597] isr_local  2022 grammar id:game  
[2021/04/11 09:09:59 599] isr_local  1636 onGrmLocalServiceCb  0  game  
