============================================================
Time  2021/04/15 02:18:43 175 
============================================================
[2021/04/15 02:18:43 176] isr_local  2211 os_type is:  Linux  
[2021/04/15 02:18:43 178] isr_local  2220 SYS_MSG_LOAD_LOCAL  
[2021/04/15 02:18:43 180] isr_local  2249 SYS_MSG_REGCB_LOCAL| param0 =  msp_status_cb  
[2021/04/15 02:18:43 183] isr_local  2249 SYS_MSG_REGCB_LOCAL| param0 =  build_grm_cb  
[2021/04/15 02:18:43 186] isr_local  2262 ASR_LOCAL_MSG_BUILD_GRM  
[2021/04/15 02:18:43 188] isr_local  1903 grm_init | params:  engine_type = local, 		asr_res_path = fo|res/asr/common.jet, sample_rate = 16000, 		grm_build_path = res/asr/GrmBuilld,   
[2021/04/15 02:18:43 189] isr_local  805  engine_type  :  local  
[2021/04/15 02:18:43 190] isr_local  805  asr_res_path  :  fo|res/asr/common.jet  
[2021/04/15 02:18:43 190] isr_local  805  sample_rate  :  16000  
[2021/04/15 02:18:43 191] isr_local  805  grm_build_path  :  res/asr/GrmBuilld  
[2021/04/15 02:18:43 195] isr_local  1002 file count =   1  
[2021/04/15 02:18:43 197] isr_local  925  file open type is:   fo  
[2021/04/15 02:18:43 198] isr_local  958  res/asr/common.jet  0  0  
[2021/04/15 02:18:43 199] isr_local  1020 speech_plus_setting  0  
[2021/04/15 02:18:43 199] isr_local  1033 2  nil  res/asr/common.jet  0  0  
[2021/04/15 02:18:43 202] isr_local  1035 res_ver  2  
[2021/04/15 02:18:43 203] isr_local  1036 res 5  ad113419208e7f447d3d7c08c6b08e8f  
[2021/04/15 02:18:43 204] isr_local  1037 res_new_old_mark  v5pp  
[2021/04/15 02:18:43 205] isr_local  1038 res_usr_name  ""  
[2021/04/15 02:18:43 205] isr_local  1039 res_expires  1625475898  
[2021/04/15 02:18:43 206] isr_local  1040 err  0  
[2021/04/15 02:18:43 207] isr_local  1071 now expires:  1618478323  1625475898  
[2021/04/15 02:18:43 219] isr_local  1644 proc_retcode_grm | errorcode =  0  
[2021/04/15 02:18:43 256] isr_local  2022 grammar id:call  
[2021/04/15 02:18:43 258] isr_local  1636 onGrmLocalServiceCb  0  call  
