============================================================
Time  2021/04/06 19:42:43 329 
============================================================
[2021/04/06 19:42:43 331] isr_local  2211 os_type is:  Linux  
[2021/04/06 19:42:43 336] isr_local  2220 SYS_MSG_LOAD_LOCAL  
[2021/04/06 19:42:43 346] isr_local  2249 SYS_MSG_REGCB_LOCAL| param0 =  msp_status_cb  
[2021/04/06 19:42:43 358] isr_local  2249 SYS_MSG_REGCB_LOCAL| param0 =  update_lex_cb  
[2021/04/06 19:42:43 364] isr_local  2275 ASR_LOCAL_MSG_UPDATE_LEX  
[2021/04/06 19:42:43 367] isr_local  1903 grm_init | params:  engine_type = local, text_encoding = UTF-8, 		asr_res_path = fo|res/asr/common.jet, sample_rate = 16000, 		grm_build_path = res/asr/GrmBuilld, grammar_list = call,   
[2021/04/06 19:42:43 370] isr_local  805  engine_type  :  local  
[2021/04/06 19:42:43 371] isr_local  805  text_encoding  :  UTF-8  
[2021/04/06 19:42:43 373] isr_local  805  asr_res_path  :  fo|res/asr/common.jet  
[2021/04/06 19:42:43 374] isr_local  805  sample_rate  :  16000  
[2021/04/06 19:42:43 376] isr_local  805  grm_build_path  :  res/asr/GrmBuilld  
[2021/04/06 19:42:43 380] isr_local  805  grammar_list  :  call  
[2021/04/06 19:42:43 391] isr_local  1002 file count =   1  
[2021/04/06 19:42:43 397] isr_local  925  file open type is:   fo  
[2021/04/06 19:42:43 399] isr_local  958  res/asr/common.jet  0  0  
[2021/04/06 19:42:43 402] isr_local  1020 speech_plus_setting  0  
[2021/04/06 19:42:43 404] isr_local  1033 2  nil  res/asr/common.jet  0  0  
[2021/04/06 19:42:43 411] isr_local  1035 res_ver  2  
[2021/04/06 19:42:43 413] isr_local  1036 res 5  ad113419208e7f447d3d7c08c6b08e8f  
[2021/04/06 19:42:43 417] isr_local  1037 res_new_old_mark  v5pp  
[2021/04/06 19:42:43 419] isr_local  1038 res_usr_name  ""  
[2021/04/06 19:42:43 421] isr_local  1039 res_expires  1625475898  
[2021/04/06 19:42:43 423] isr_local  1040 err  0  
[2021/04/06 19:42:43 426] isr_local  1071 now expires:  1617763363  1625475898  
[2021/04/06 19:42:43 445] isr_local  2284 update dict  
[2021/04/06 19:42:43 451] isr_local  1760 contact  call  
[2021/04/06 19:42:43 494] isr_local  1811 grm_list grm name:   call  
[2021/04/06 19:42:43 503] isr_local  1644 proc_retcode_grm | errorcode =  0  
[2021/04/06 19:42:43 618] isr_local  2022 grammar id:call  
[2021/04/06 19:42:43 640] isr_local  1636 onGrmLocalServiceCb  0  call  
