============================================================
Time  2021/04/14 19:52:19 968 
============================================================
[2021/04/14 19:52:19 970] isr_local  2211 os_type is:  Linux  
[2021/04/14 19:52:19 973] isr_local  2220 SYS_MSG_LOAD_LOCAL  
[2021/04/14 19:52:19 977] isr_local  2249 SYS_MSG_REGCB_LOCAL| param0 =  msp_status_cb  
[2021/04/14 19:52:19 985] isr_local  2249 SYS_MSG_REGCB_LOCAL| param0 =  build_grm_cb  
[2021/04/14 19:52:19 990] isr_local  2262 ASR_LOCAL_MSG_BUILD_GRM  
[2021/04/14 19:52:19 993] isr_local  1903 grm_init | params:  engine_type = local, 		asr_res_path = fo|res/asr/common.jet, sample_rate = 16000, 		grm_build_path = res/asr/GrmBuilld,   
[2021/04/14 19:52:19 995] isr_local  805  engine_type  :  local  
[2021/04/14 19:52:19 997] isr_local  805  asr_res_path  :  fo|res/asr/common.jet  
[2021/04/14 19:52:19 998] isr_local  805  sample_rate  :  16000  
[2021/04/14 19:52:20 000] isr_local  805  grm_build_path  :  res/asr/GrmBuilld  
[2021/04/14 19:52:20 009] isr_local  1002 file count =   1  
[2021/04/14 19:52:20 012] isr_local  925  file open type is:   fo  
[2021/04/14 19:52:20 013] isr_local  958  res/asr/common.jet  0  0  
[2021/04/14 19:52:20 015] isr_local  1020 speech_plus_setting  0  
[2021/04/14 19:52:20 017] isr_local  1033 2  nil  res/asr/common.jet  0  0  
[2021/04/14 19:52:20 024] isr_local  1035 res_ver  2  
[2021/04/14 19:52:20 025] isr_local  1036 res 5  ad113419208e7f447d3d7c08c6b08e8f  
[2021/04/14 19:52:20 027] isr_local  1037 res_new_old_mark  v5pp  
[2021/04/14 19:52:20 029] isr_local  1038 res_usr_name  ""  
[2021/04/14 19:52:20 030] isr_local  1039 res_expires  1625475898  
[2021/04/14 19:52:20 032] isr_local  1040 err  0  
[2021/04/14 19:52:20 033] isr_local  1071 now expires:  1618455140  1625475898  
[2021/04/14 19:52:20 067] isr_local  1644 proc_retcode_grm | errorcode =  0  
[2021/04/14 19:52:20 145] isr_local  2022 grammar id:game  
[2021/04/14 19:52:20 164] isr_local  1636 onGrmLocalServiceCb  0  game  
