============================================================
Time  2021/04/07 06:26:42 246 
============================================================
[2021/04/07 06:26:42 343] isr_local  2211 os_type is:  Linux  
[2021/04/07 06:26:42 347] isr_local  2220 SYS_MSG_LOAD_LOCAL  
[2021/04/07 06:26:42 351] isr_local  2249 SYS_MSG_REGCB_LOCAL| param0 =  msp_status_cb  
[2021/04/07 06:26:42 358] isr_local  2249 SYS_MSG_REGCB_LOCAL| param0 =  build_grm_cb  
[2021/04/07 06:26:42 363] isr_local  2262 ASR_LOCAL_MSG_BUILD_GRM  
[2021/04/07 06:26:42 366] isr_local  1903 grm_init | params:  engine_type = local, 		asr_res_path = fo|res/asr/common.jet, sample_rate = 16000, 		grm_build_path = res/asr/GrmBuilld,   
[2021/04/07 06:26:42 368] isr_local  805  engine_type  :  local  
[2021/04/07 06:26:42 370] isr_local  805  asr_res_path  :  fo|res/asr/common.jet  
[2021/04/07 06:26:42 371] isr_local  805  sample_rate  :  16000  
[2021/04/07 06:26:42 373] isr_local  805  grm_build_path  :  res/asr/GrmBuilld  
[2021/04/07 06:26:42 382] isr_local  1002 file count =   1  
[2021/04/07 06:26:42 385] isr_local  925  file open type is:   fo  
[2021/04/07 06:26:42 386] isr_local  958  res/asr/common.jet  0  0  
[2021/04/07 06:26:42 389] isr_local  1020 speech_plus_setting  0  
[2021/04/07 06:26:42 390] isr_local  1033 2  nil  res/asr/common.jet  0  0  
[2021/04/07 06:26:42 396] isr_local  1035 res_ver  2  
[2021/04/07 06:26:42 398] isr_local  1036 res 5  ad113419208e7f447d3d7c08c6b08e8f  
[2021/04/07 06:26:42 399] isr_local  1037 res_new_old_mark  v5pp  
[2021/04/07 06:26:42 402] isr_local  1038 res_usr_name  ""  
[2021/04/07 06:26:42 403] isr_local  1039 res_expires  1625475898  
[2021/04/07 06:26:42 405] isr_local  1040 err  0  
[2021/04/07 06:26:42 406] isr_local  1071 now expires:  1617802002  1625475898  
[2021/04/07 06:26:42 440] isr_local  1644 proc_retcode_grm | errorcode =  0  
[2021/04/07 06:26:42 528] isr_local  2022 grammar id:game  
[2021/04/07 06:26:42 535] isr_local  1636 onGrmLocalServiceCb  0  game  
