============================================================
Time  2021/04/15 18:08:45 099 
============================================================
[2021/04/15 18:08:45 100] isr_local  2211 os_type is:  Linux  
[2021/04/15 18:08:45 102] isr_local  2220 SYS_MSG_LOAD_LOCAL  
[2021/04/15 18:08:45 104] isr_local  2249 SYS_MSG_REGCB_LOCAL| param0 =  msp_status_cb  
[2021/04/15 18:08:45 107] isr_local  2249 SYS_MSG_REGCB_LOCAL| param0 =  build_grm_cb  
[2021/04/15 18:08:45 109] isr_local  2262 ASR_LOCAL_MSG_BUILD_GRM  
[2021/04/15 18:08:45 110] isr_local  1903 grm_init | params:  engine_type = local, 		asr_res_path = fo|res/asr/common.jet, sample_rate = 16000, 		grm_build_path = res/asr/GrmBuilld,   
[2021/04/15 18:08:45 111] isr_local  805  engine_type  :  local  
[2021/04/15 18:08:45 111] isr_local  805  asr_res_path  :  fo|res/asr/common.jet  
[2021/04/15 18:08:45 112] isr_local  805  sample_rate  :  16000  
[2021/04/15 18:08:45 113] isr_local  805  grm_build_path  :  res/asr/GrmBuilld  
[2021/04/15 18:08:45 116] isr_local  1002 file count =   1  
[2021/04/15 18:08:45 117] isr_local  925  file open type is:   fo  
[2021/04/15 18:08:45 118] isr_local  958  res/asr/common.jet  0  0  
[2021/04/15 18:08:45 119] isr_local  1020 speech_plus_setting  0  
[2021/04/15 18:08:45 119] isr_local  1033 2  nil  res/asr/common.jet  0  0  
[2021/04/15 18:08:45 140] isr_local  1035 res_ver  2  
[2021/04/15 18:08:45 140] isr_local  1036 res 5  ad113419208e7f447d3d7c08c6b08e8f  
[2021/04/15 18:08:45 141] isr_local  1037 res_new_old_mark  v5pp  
[2021/04/15 18:08:45 142] isr_local  1038 res_usr_name  ""  
[2021/04/15 18:08:45 143] isr_local  1039 res_expires  1625475898  
[2021/04/15 18:08:45 144] isr_local  1040 err  0  
[2021/04/15 18:08:45 144] isr_local  1071 now expires:  1618535325  1625475898  
[2021/04/15 18:08:45 151] isr_local  1644 proc_retcode_grm | errorcode =  0  
[2021/04/15 18:08:45 239] isr_local  2022 grammar id:call  
[2021/04/15 18:08:45 253] isr_local  1636 onGrmLocalServiceCb  0  call  
