============================================================
Time  2021/04/15 06:25:55 912 
============================================================
[2021/04/15 06:25:55 913] isr_local  2211 os_type is:  Linux  
[2021/04/15 06:25:55 914] isr_local  2220 SYS_MSG_LOAD_LOCAL  
[2021/04/15 06:25:55 916] isr_local  2249 SYS_MSG_REGCB_LOCAL| param0 =  msp_status_cb  
[2021/04/15 06:25:55 920] isr_local  2249 SYS_MSG_REGCB_LOCAL| param0 =  build_grm_cb  
[2021/04/15 06:25:55 921] isr_local  2262 ASR_LOCAL_MSG_BUILD_GRM  
[2021/04/15 06:25:56 225] isr_local  1903 grm_init | params:  engine_type = local, 		asr_res_path = fo|res/asr/common.jet, sample_rate = 16000, 		grm_build_path = res/asr/GrmBuilld,   
[2021/04/15 06:25:56 230] isr_local  805  engine_type  :  local  
[2021/04/15 06:25:56 233] isr_local  805  asr_res_path  :  fo|res/asr/common.jet  
[2021/04/15 06:25:56 236] isr_local  805  sample_rate  :  16000  
[2021/04/15 06:25:56 239] isr_local  805  grm_build_path  :  res/asr/GrmBuilld  
[2021/04/15 06:25:56 248] isr_local  1002 file count =   1  
[2021/04/15 06:25:56 251] isr_local  925  file open type is:   fo  
[2021/04/15 06:25:56 252] isr_local  958  res/asr/common.jet  0  0  
[2021/04/15 06:25:56 253] isr_local  1020 speech_plus_setting  0  
[2021/04/15 06:25:56 255] isr_local  1033 2  nil  res/asr/common.jet  0  0  
[2021/04/15 06:25:56 260] isr_local  1035 res_ver  2  
[2021/04/15 06:25:56 261] isr_local  1036 res 5  ad113419208e7f447d3d7c08c6b08e8f  
[2021/04/15 06:25:56 261] isr_local  1037 res_new_old_mark  v5pp  
[2021/04/15 06:25:56 262] isr_local  1038 res_usr_name  ""  
[2021/04/15 06:25:56 263] isr_local  1039 res_expires  1625475898  
[2021/04/15 06:25:56 264] isr_local  1040 err  0  
[2021/04/15 06:25:56 265] isr_local  1071 now expires:  1618493156  1625475898  
[2021/04/15 06:25:56 276] isr_local  1644 proc_retcode_grm | errorcode =  0  
[2021/04/15 06:25:56 316] isr_local  2022 grammar id:call  
[2021/04/15 06:25:56 317] isr_local  1636 onGrmLocalServiceCb  0  call  
