============================================================
Time  2021/04/11 22:31:24 454 
============================================================
[2021/04/11 22:31:24 455] isr_local  2211 os_type is:  Linux  
[2021/04/11 22:31:24 456] isr_local  2220 SYS_MSG_LOAD_LOCAL  
[2021/04/11 22:31:24 458] isr_local  2249 SYS_MSG_REGCB_LOCAL| param0 =  msp_status_cb  
[2021/04/11 22:31:24 462] isr_local  2249 SYS_MSG_REGCB_LOCAL| param0 =  build_grm_cb  
[2021/04/11 22:31:24 463] isr_local  2262 ASR_LOCAL_MSG_BUILD_GRM  
[2021/04/11 22:31:24 465] isr_local  1903 grm_init | params:  engine_type = local, 		asr_res_path = fo|res/asr/common.jet, sample_rate = 16000, 		grm_build_path = res/asr/GrmBuilld,   
[2021/04/11 22:31:24 466] isr_local  805  engine_type  :  local  
[2021/04/11 22:31:24 466] isr_local  805  asr_res_path  :  fo|res/asr/common.jet  
[2021/04/11 22:31:24 467] isr_local  805  sample_rate  :  16000  
[2021/04/11 22:31:24 468] isr_local  805  grm_build_path  :  res/asr/GrmBuilld  
[2021/04/11 22:31:24 471] isr_local  1002 file count =   1  
[2021/04/11 22:31:24 472] isr_local  925  file open type is:   fo  
[2021/04/11 22:31:24 473] isr_local  958  res/asr/common.jet  0  0  
[2021/04/11 22:31:24 473] isr_local  1020 speech_plus_setting  0  
[2021/04/11 22:31:24 474] isr_local  1033 2  nil  res/asr/common.jet  0  0  
[2021/04/11 22:31:24 477] isr_local  1035 res_ver  2  
[2021/04/11 22:31:24 477] isr_local  1036 res 5  ad113419208e7f447d3d7c08c6b08e8f  
[2021/04/11 22:31:24 478] isr_local  1037 res_new_old_mark  v5pp  
[2021/04/11 22:31:24 478] isr_local  1038 res_usr_name  ""  
[2021/04/11 22:31:24 479] isr_local  1039 res_expires  1625475898  
[2021/04/11 22:31:24 480] isr_local  1040 err  0  
[2021/04/11 22:31:24 480] isr_local  1071 now expires:  1618205484  1625475898  
[2021/04/11 22:31:24 490] isr_local  1644 proc_retcode_grm | errorcode =  0  
[2021/04/11 22:31:24 525] isr_local  2022 grammar id:game  
[2021/04/11 22:31:24 527] isr_local  1636 onGrmLocalServiceCb  0  game  
